TN:
SF:src/DragonToken.sol
FN:364,DragonFire.setMainDex
FNDA:5,DragonFire.setMainDex
DA:366,4
BRDA:366,0,0,1
BRDA:366,0,1,3
DA:368,3
DA:369,3
DA:370,3
DA:371,3
DA:373,3
BRDA:373,1,0,1
BRDA:373,1,1,2
DA:374,2
DA:375,2
DA:377,1
FN:380,DragonFire.setCommunityTokens
FNDA:5,DragonFire.setCommunityTokens
DA:382,4
DA:383,4
BRDA:383,2,0,1
BRDA:383,2,1,3
DA:384,3
BRDA:384,3,0,1
BRDA:384,3,1,2
DA:386,2
DA:387,2
DA:388,2
DA:389,1
FN:392,DragonFire.setCtRouters
FNDA:2,DragonFire.setCtRouters
DA:394,4
DA:395,4
DA:396,4
BRDA:396,4,0,1
BRDA:396,4,1,3
DA:398,3
DA:399,3
DA:400,3
DA:402,3
DA:403,12
BRDA:403,5,0,1
BRDA:403,5,1,11
DA:405,11
DA:406,11
DA:407,11
DA:409,11
BRDA:409,6,0,-
BRDA:409,6,1,11
DA:412,2
FN:415,DragonFire.setProcessFeesMinimum
FNDA:1024,DragonFire.setProcessFeesMinimum
DA:417,768
BRDA:417,7,0,256
BRDA:417,7,1,512
DA:418,512
BRDA:418,8,0,256
BRDA:418,8,1,256
DA:420,256
DA:421,256
FN:424,DragonFire.setTreasuryAddress
FNDA:513,DragonFire.setTreasuryAddress
DA:426,257
BRDA:426,9,0,1
BRDA:426,9,1,256
DA:427,256
DA:428,256
DA:429,256
DA:430,256
FN:433,DragonFire.setFarmAddress
FNDA:513,DragonFire.setFarmAddress
DA:435,257
BRDA:435,10,0,1
BRDA:435,10,1,256
DA:437,256
DA:438,256
DA:439,256
DA:440,256
FN:443,DragonFire.excludeFromFees
FNDA:516,DragonFire.excludeFromFees
DA:445,515
BRDA:445,11,0,1
BRDA:445,11,1,514
DA:447,514
DA:448,514
FN:451,DragonFire.includeInFees
FNDA:260,DragonFire.includeInFees
DA:453,259
BRDA:453,12,0,1
BRDA:453,12,1,258
DA:454,258
BRDA:454,13,0,1
BRDA:454,13,1,257
DA:456,257
DA:457,257
FN:460,DragonFire.transferOwnership
FNDA:3,DragonFire.transferOwnership
DA:461,2
BRDA:461,14,0,1
BRDA:461,14,1,1
DA:463,1
DA:464,1
DA:465,1
FN:468,DragonFire.setFeesInBasisPts
FNDA:4,DragonFire.setFeesInBasisPts
DA:474,3
DA:475,3
DA:476,3
DA:477,3
DA:478,3
DA:479,3
BRDA:479,15,0,1
BRDA:479,15,1,2
DA:480,2
FN:483,DragonFire.lockFeeSettings
FNDA:3,DragonFire.lockFeeSettings
DA:485,3
BRDA:485,16,0,1
BRDA:485,16,1,2
DA:487,2
DA:488,2
FN:491,DragonFire.setPairs
FNDA:78,DragonFire.setPairs
DA:492,77
DA:493,77
DA:495,77
DA:496,616
DA:497,616
BRDA:497,17,0,616
BRDA:497,17,1,616
DA:498,616
DA:501,77
FN:505,DragonFire._update
FNDA:5128,DragonFire._update
DA:510,5128
BRDA:510,18,0,256
BRDA:510,18,1,4872
DA:511,256
DA:512,256
DA:515,4872
BRDA:515,19,0,3588
BRDA:515,19,1,1284
DA:517,3588
DA:518,3588
DA:521,1284
BRDA:521,20,0,-
BRDA:521,20,1,1284
DA:523,0
DA:526,1284
DA:527,772
DA:529,772
BRDA:529,21,0,516
BRDA:529,21,1,772
DA:530,516
DA:533,772
BRDA:533,22,0,256
BRDA:533,22,1,772
DA:535,256
DA:536,256
DA:537,256
DA:540,772
BRDA:540,23,0,1
BRDA:540,23,1,2
DA:542,2
DA:543,2
BRDA:543,24,0,1
BRDA:543,24,1,2
DA:545,1
DA:549,772
FN:552,DragonFire.beforeTokenTransfer
FNDA:1284,DragonFire.beforeTokenTransfer
DA:556,1284
DA:557,1284
BRDA:557,25,0,770
BRDA:557,25,1,514
DA:559,770
DA:562,514
BRDA:562,26,0,256
BRDA:562,26,1,1
DA:564,513
BRDA:564,27,0,256
BRDA:564,27,1,257
DA:565,257
DA:566,257
BRDA:566,28,0,256
BRDA:566,28,1,1
FN:570,DragonFire.swapAndBurnLP
FNDA:256,DragonFire.swapAndBurnLP
DA:572,256
DA:573,256
DA:575,256
BRDA:575,29,0,-
BRDA:575,29,1,256
DA:576,0
DA:579,256
DA:580,256
DA:581,256
DA:582,256
DA:583,256
DA:585,256
BRDA:585,30,0,256
BRDA:585,30,1,256
DA:586,256
DA:587,256
DA:588,256
DA:589,256
DA:590,256
DA:593,256
BRDA:593,31,0,-
BRDA:593,31,1,2048
DA:594,256
DA:595,256
DA:597,256
DA:598,2048
DA:599,2048
DA:600,2048
DA:601,2048
DA:602,2048
FN:607,DragonFire.swapDRAGONForAVAX
FNDA:256,DragonFire.swapDRAGONForAVAX
DA:608,256
DA:609,256
DA:610,256
DA:612,256
FN:624,DragonFire.swapAvaxForCT
FNDA:2048,DragonFire.swapAvaxForCT
DA:625,2048
DA:626,2048
DA:627,2048
DA:630,2048
FN:641,DragonFire.addLiquidityDRAGON
FNDA:513,DragonFire.addLiquidityDRAGON
DA:643,513
FN:656,DragonFire.addLiquidityCT
FNDA:2049,DragonFire.addLiquidityCT
DA:658,2049
DA:661,2049
FN:676,DragonFire.checkCtPairs
FNDA:2843,DragonFire.checkCtPairs
DA:677,2843
DA:678,2843
DA:679,2843
DA:680,22725
DA:681,22725
BRDA:681,32,0,1
BRDA:681,32,1,22724
FN:686,DragonFire.processFees
FNDA:257,DragonFire.processFees
DA:688,258
BRDA:688,33,0,-
BRDA:688,33,1,1
DA:690,1
BRDA:690,34,0,-
BRDA:690,34,1,1
DA:691,1
DA:695,258
DA:696,258
DA:697,258
DA:698,258
BRDA:698,35,0,-
BRDA:698,35,1,258
DA:699,0
DA:701,258
DA:704,258
DA:706,258
BRDA:706,36,0,256
BRDA:706,36,1,256
DA:707,257
BRDA:707,37,0,1
BRDA:707,37,1,256
DA:708,1
DA:709,1
DA:712,256
DA:715,256
DA:716,256
DA:717,256
DA:718,256
DA:720,256
DA:721,256
DA:722,256
DA:724,256
BRDA:724,38,0,256
BRDA:724,38,1,256
DA:725,256
DA:728,256
BRDA:728,39,0,256
BRDA:728,39,1,256
DA:729,256
DA:732,256
DA:733,256
DA:734,256
DA:735,256
DA:737,1
BRDA:737,40,0,-
BRDA:737,40,1,1
DA:738,0
DA:741,1
BRDA:741,41,0,-
BRDA:741,41,1,1
DA:743,0
FN:748,DragonFire.seedAndBurnCtLP
FNDA:770,DragonFire.seedAndBurnCtLP
DA:749,770
BRDA:749,42,0,1
BRDA:749,42,1,769
DA:750,769
BRDA:750,43,0,256
BRDA:750,43,1,513
DA:751,513
BRDA:751,44,0,256
BRDA:751,44,1,257
DA:752,257
BRDA:752,45,0,256
BRDA:752,45,1,1
DA:753,1
BRDA:753,46,0,-
BRDA:753,46,1,1
DA:754,1
DA:755,1
DA:756,1
DA:757,1
DA:758,1
DA:759,1
DA:760,1
FN:763,DragonFire.seedAndBurnDragonLP
FNDA:1026,DragonFire.seedAndBurnDragonLP
DA:764,1026
BRDA:764,47,0,1
BRDA:764,47,1,1025
DA:765,1025
BRDA:765,48,0,256
BRDA:765,48,1,769
DA:766,769
BRDA:766,49,0,256
BRDA:766,49,1,513
DA:767,513
BRDA:767,50,0,256
BRDA:767,50,1,257
DA:768,257
BRDA:768,51,0,-
BRDA:768,51,1,257
DA:770,257
DA:772,257
DA:773,257
DA:774,257
DA:775,257
DA:776,257
FN:779,DragonFire.tradingActive
FNDA:0,DragonFire.tradingActive
DA:781,7725
BRDA:781,52,0,5158
BRDA:781,52,1,2567
DA:782,5158
DA:784,2567
FN:788,DragonFire.tradingRestricted
FNDA:512,DragonFire.tradingRestricted
DA:790,512
FN:793,DragonFire.tradingPhase
FNDA:256,DragonFire.tradingPhase
DA:795,7213
BRDA:795,53,0,2311
BRDA:795,53,1,4902
DA:796,2311
DA:799,4902
DA:800,4902
DA:801,4902
BRDA:801,54,0,261
BRDA:801,54,1,4902
DA:802,261
DA:805,4902
FN:809,DragonFire.setPhasesStartTime
FNDA:78,DragonFire.setPhasesStartTime
DA:810,78
BRDA:810,55,0,1
BRDA:810,55,1,77
DA:812,77
DA:813,77
FN:816,DragonFire.setWhaleLimitsPerPhase
FNDA:3097,DragonFire.setWhaleLimitsPerPhase
DA:817,3097
DA:818,3097
BRDA:818,56,0,256
BRDA:818,56,1,2841
DA:820,2841
DA:821,2841
BRDA:821,57,0,1
BRDA:821,57,1,2840
DA:823,2840
DA:824,19875
BRDA:824,58,0,1
BRDA:824,58,1,19874
DA:826,19874
DA:827,19874
DA:829,2839
FN:832,DragonFire.lockPhasesSettings
FNDA:3098,DragonFire.lockPhasesSettings
DA:834,3096
BRDA:834,59,0,256
BRDA:834,59,1,2840
DA:835,2840
BRDA:835,60,0,1
BRDA:835,60,1,2839
DA:837,2839
DA:838,2839
DA:839,2839
FN:842,DragonFire.setAllowlistedForSomePhase
FNDA:1280,DragonFire.setAllowlistedForSomePhase
DA:843,1280
BRDA:843,61,0,256
BRDA:843,61,1,1024
DA:845,1024
DA:846,1024
BRDA:846,62,0,256
BRDA:846,62,1,768
DA:847,768
BRDA:847,63,0,256
BRDA:847,63,1,512
DA:849,512
DA:850,1680
DA:852,512
FN:856,DragonFire.
FNDA:0,DragonFire.
FN:860,DragonFire.withdrawAvaxTo
FNDA:512,DragonFire.withdrawAvaxTo
DA:861,512
BRDA:861,64,0,256
BRDA:861,64,1,256
DA:863,256
DA:864,256
FN:867,DragonFire.iERC20TransferFrom
FNDA:512,DragonFire.iERC20TransferFrom
DA:868,512
DA:869,256
DA:871,256
BRDA:871,65,0,-
BRDA:871,65,1,256
DA:872,256
FN:875,DragonFire.iERC20Transfer
FNDA:512,DragonFire.iERC20Transfer
DA:876,512
DA:877,256
DA:880,256
BRDA:880,66,0,-
BRDA:880,66,1,256
DA:881,256
FN:884,DragonFire.iERC20Approve
FNDA:512,DragonFire.iERC20Approve
DA:885,512
DA:886,256
DA:887,256
FN:890,DragonFire.iERC721TransferFrom
FNDA:512,DragonFire.iERC721TransferFrom
DA:891,512
DA:892,256
DA:893,256
FN:896,DragonFire.iERC721SafeTransferFrom
FNDA:512,DragonFire.iERC721SafeTransferFrom
DA:897,512
DA:898,256
DA:899,256
FN:902,DragonFire.iERC721Transfer
FNDA:512,DragonFire.iERC721Transfer
DA:903,512
DA:904,256
DA:905,256
FN:908,DragonFire.iERC721SafeTransfer
FNDA:512,DragonFire.iERC721SafeTransfer
DA:909,512
DA:910,256
DA:911,256
FN:914,DragonFire.noDRAGONTokens
FNDA:3584,DragonFire.noDRAGONTokens
DA:915,3584
BRDA:915,67,0,1792
BRDA:915,67,1,1792
DA:916,1792
BRDA:916,68,0,-
BRDA:916,68,1,1792
FN:919,DragonFire.getCommunityTokens
FNDA:78,DragonFire.getCommunityTokens
DA:920,78
FNF:41
FNH:39
LF:260
LH:255
BRF:138
BRH:124
end_of_record
TN:
SF:test/mock/TestERC721.sol
FN:11,TestERC721.mint
FNDA:1024,TestERC721.mint
DA:12,1024
FN:15,TestERC721.exists
FNDA:1024,TestERC721.exists
DA:16,1024
FN:19,TestERC721.transfer
FNDA:256,TestERC721.transfer
DA:20,256
FN:23,TestERC721.safeTransfer
FNDA:256,TestERC721.safeTransfer
DA:24,256
FNF:4
FNH:4
LF:4
LH:4
BRF:0
BRH:0
end_of_record
